Analysis & Synthesis report for Top_Controller
Tue Mar 11 22:46:34 2025
Quartus Prime Version 18.1.0 Build 625 09/12/2018 SJ Lite Edition


---------------------
; Table of Contents ;
---------------------
  1. Legal Notice
  2. Analysis & Synthesis Summary
  3. Analysis & Synthesis Settings
  4. Parallel Compilation
  5. Analysis & Synthesis Source Files Read
  6. Analysis & Synthesis Resource Usage Summary
  7. Analysis & Synthesis Resource Utilization by Entity
  8. Registers Removed During Synthesis
  9. General Register Statistics
 10. Multiplexer Restructuring Statistics (Restructuring Performed)
 11. Parameter Settings for User Entity Instance: Sub_prob3:sub_inst
 12. Parameter Settings for Inferred Entity Instance: Sub_prob3:sub_inst|deco_sub3:topdec|lpm_divide:Div0
 13. Parameter Settings for Inferred Entity Instance: Sub_prob3:sub_inst|deco_sub3:topdec|lpm_divide:Mod0
 14. Port Connectivity Checks: "Adder_prob3:adder_inst"
 15. Post-Synthesis Netlist Statistics for Top Partition
 16. Elapsed Time Per Partition
 17. Analysis & Synthesis Messages



----------------
; Legal Notice ;
----------------
Copyright (C) 2018  Intel Corporation. All rights reserved.
Your use of Intel Corporation's design tools, logic functions 
and other software and tools, and its AMPP partner logic 
functions, and any output files from any of the foregoing 
(including device programming or simulation files), and any 
associated documentation or information are expressly subject 
to the terms and conditions of the Intel Program License 
Subscription Agreement, the Intel Quartus Prime License Agreement,
the Intel FPGA IP License Agreement, or other applicable license
agreement, including, without limitation, that your use is for
the sole purpose of programming logic devices manufactured by
Intel and sold by Intel or its authorized distributors.  Please
refer to the applicable agreement for further details.



+-------------------------------------------------------------------------------+
; Analysis & Synthesis Summary                                                  ;
+---------------------------------+---------------------------------------------+
; Analysis & Synthesis Status     ; Successful - Tue Mar 11 22:46:34 2025       ;
; Quartus Prime Version           ; 18.1.0 Build 625 09/12/2018 SJ Lite Edition ;
; Revision Name                   ; Top_Controller                              ;
; Top-level Entity Name           ; Top_Controller                              ;
; Family                          ; Cyclone V                                   ;
; Logic utilization (in ALMs)     ; N/A                                         ;
; Total registers                 ; 14                                          ;
; Total pins                      ; 37                                          ;
; Total virtual pins              ; 0                                           ;
; Total block memory bits         ; 0                                           ;
; Total DSP Blocks                ; 0                                           ;
; Total HSSI RX PCSs              ; 0                                           ;
; Total HSSI PMA RX Deserializers ; 0                                           ;
; Total HSSI TX PCSs              ; 0                                           ;
; Total HSSI PMA TX Serializers   ; 0                                           ;
; Total PLLs                      ; 0                                           ;
; Total DLLs                      ; 0                                           ;
+---------------------------------+---------------------------------------------+


+---------------------------------------------------------------------------------------------------------------------------+
; Analysis & Synthesis Settings                                                                                             ;
+---------------------------------------------------------------------------------+--------------------+--------------------+
; Option                                                                          ; Setting            ; Default Value      ;
+---------------------------------------------------------------------------------+--------------------+--------------------+
; Device                                                                          ; 5CSXFC6D6F31C6     ;                    ;
; Top-level entity name                                                           ; Top_Controller     ; Top_Controller     ;
; Family name                                                                     ; Cyclone V          ; Cyclone V          ;
; Use smart compilation                                                           ; Off                ; Off                ;
; Enable parallel Assembler and Timing Analyzer during compilation                ; On                 ; On                 ;
; Enable compact report table                                                     ; Off                ; Off                ;
; Restructure Multiplexers                                                        ; Auto               ; Auto               ;
; MLAB Add Timing Constraints For Mixed-Port Feed-Through Mode Setting Don't Care ; Off                ; Off                ;
; Create Debugging Nodes for IP Cores                                             ; Off                ; Off                ;
; Preserve fewer node names                                                       ; On                 ; On                 ;
; Intel FPGA IP Evaluation Mode                                                   ; Enable             ; Enable             ;
; Verilog Version                                                                 ; Verilog_2001       ; Verilog_2001       ;
; VHDL Version                                                                    ; VHDL_1993          ; VHDL_1993          ;
; State Machine Processing                                                        ; Auto               ; Auto               ;
; Safe State Machine                                                              ; Off                ; Off                ;
; Extract Verilog State Machines                                                  ; On                 ; On                 ;
; Extract VHDL State Machines                                                     ; On                 ; On                 ;
; Ignore Verilog initial constructs                                               ; Off                ; Off                ;
; Iteration limit for constant Verilog loops                                      ; 5000               ; 5000               ;
; Iteration limit for non-constant Verilog loops                                  ; 250                ; 250                ;
; Add Pass-Through Logic to Inferred RAMs                                         ; On                 ; On                 ;
; Infer RAMs from Raw Logic                                                       ; On                 ; On                 ;
; Parallel Synthesis                                                              ; On                 ; On                 ;
; DSP Block Balancing                                                             ; Auto               ; Auto               ;
; NOT Gate Push-Back                                                              ; On                 ; On                 ;
; Power-Up Don't Care                                                             ; On                 ; On                 ;
; Remove Redundant Logic Cells                                                    ; Off                ; Off                ;
; Remove Duplicate Registers                                                      ; On                 ; On                 ;
; Ignore CARRY Buffers                                                            ; Off                ; Off                ;
; Ignore CASCADE Buffers                                                          ; Off                ; Off                ;
; Ignore GLOBAL Buffers                                                           ; Off                ; Off                ;
; Ignore ROW GLOBAL Buffers                                                       ; Off                ; Off                ;
; Ignore LCELL Buffers                                                            ; Off                ; Off                ;
; Ignore SOFT Buffers                                                             ; On                 ; On                 ;
; Limit AHDL Integers to 32 Bits                                                  ; Off                ; Off                ;
; Optimization Technique                                                          ; Balanced           ; Balanced           ;
; Carry Chain Length                                                              ; 70                 ; 70                 ;
; Auto Carry Chains                                                               ; On                 ; On                 ;
; Auto Open-Drain Pins                                                            ; On                 ; On                 ;
; Perform WYSIWYG Primitive Resynthesis                                           ; Off                ; Off                ;
; Auto ROM Replacement                                                            ; On                 ; On                 ;
; Auto RAM Replacement                                                            ; On                 ; On                 ;
; Auto DSP Block Replacement                                                      ; On                 ; On                 ;
; Auto Shift Register Replacement                                                 ; Auto               ; Auto               ;
; Allow Shift Register Merging across Hierarchies                                 ; Auto               ; Auto               ;
; Auto Clock Enable Replacement                                                   ; On                 ; On                 ;
; Strict RAM Replacement                                                          ; Off                ; Off                ;
; Allow Synchronous Control Signals                                               ; On                 ; On                 ;
; Force Use of Synchronous Clear Signals                                          ; Off                ; Off                ;
; Auto Resource Sharing                                                           ; Off                ; Off                ;
; Allow Any RAM Size For Recognition                                              ; Off                ; Off                ;
; Allow Any ROM Size For Recognition                                              ; Off                ; Off                ;
; Allow Any Shift Register Size For Recognition                                   ; Off                ; Off                ;
; Use LogicLock Constraints during Resource Balancing                             ; On                 ; On                 ;
; Ignore translate_off and synthesis_off directives                               ; Off                ; Off                ;
; Timing-Driven Synthesis                                                         ; On                 ; On                 ;
; Report Parameter Settings                                                       ; On                 ; On                 ;
; Report Source Assignments                                                       ; On                 ; On                 ;
; Report Connectivity Checks                                                      ; On                 ; On                 ;
; Ignore Maximum Fan-Out Assignments                                              ; Off                ; Off                ;
; Synchronization Register Chain Length                                           ; 3                  ; 3                  ;
; Power Optimization During Synthesis                                             ; Normal compilation ; Normal compilation ;
; HDL message level                                                               ; Level2             ; Level2             ;
; Suppress Register Optimization Related Messages                                 ; Off                ; Off                ;
; Number of Removed Registers Reported in Synthesis Report                        ; 5000               ; 5000               ;
; Number of Swept Nodes Reported in Synthesis Report                              ; 5000               ; 5000               ;
; Number of Inverted Registers Reported in Synthesis Report                       ; 100                ; 100                ;
; Clock MUX Protection                                                            ; On                 ; On                 ;
; Auto Gated Clock Conversion                                                     ; Off                ; Off                ;
; Block Design Naming                                                             ; Auto               ; Auto               ;
; SDC constraint protection                                                       ; Off                ; Off                ;
; Synthesis Effort                                                                ; Auto               ; Auto               ;
; Shift Register Replacement - Allow Asynchronous Clear Signal                    ; On                 ; On                 ;
; Pre-Mapping Resynthesis Optimization                                            ; Off                ; Off                ;
; Analysis & Synthesis Message Level                                              ; Medium             ; Medium             ;
; Disable Register Merging Across Hierarchies                                     ; Auto               ; Auto               ;
; Resource Aware Inference For Block RAM                                          ; On                 ; On                 ;
; Automatic Parallel Synthesis                                                    ; On                 ; On                 ;
; Partial Reconfiguration Bitstream ID                                            ; Off                ; Off                ;
+---------------------------------------------------------------------------------+--------------------+--------------------+


+------------------------------------------+
; Parallel Compilation                     ;
+----------------------------+-------------+
; Processors                 ; Number      ;
+----------------------------+-------------+
; Number detected on machine ; 8           ;
; Maximum allowed            ; 4           ;
;                            ;             ;
; Average used               ; 1.00        ;
; Maximum used               ; 4           ;
;                            ;             ;
; Usage by Processor         ; % Time Used ;
;     Processor 1            ; 100.0%      ;
;     Processors 2-4         ;   0.0%      ;
+----------------------------+-------------+


+------------------------------------------------------------------------------------------------------------------------------------------------------------------------------------------------------+
; Analysis & Synthesis Source Files Read                                                                                                                                                               ;
+----------------------------------+-----------------+------------------------------+--------------------------------------------------------------------------------------------------------+---------+
; File Name with User-Entered Path ; Used in Netlist ; File Type                    ; File Name with Absolute Path                                                                           ; Library ;
+----------------------------------+-----------------+------------------------------+--------------------------------------------------------------------------------------------------------+---------+
; decoderBDC.sv                    ; yes             ; User SystemVerilog HDL File  ; C:/Users/josee/joscCE_JimF04_Sebas36762_digital_design_lab_2025/Lab_1/Extra/decoderBDC.sv              ;         ;
; Decoder7seg.sv                   ; yes             ; User SystemVerilog HDL File  ; C:/Users/josee/joscCE_JimF04_Sebas36762_digital_design_lab_2025/Lab_1/Extra/Decoder7seg.sv             ;         ;
; Top_Controller.sv                ; yes             ; User SystemVerilog HDL File  ; C:/Users/josee/joscCE_JimF04_Sebas36762_digital_design_lab_2025/Lab_1/Extra/Top_Controller.sv          ;         ;
; fulladderbit.sv                  ; yes             ; User SystemVerilog HDL File  ; C:/Users/josee/joscCE_JimF04_Sebas36762_digital_design_lab_2025/Lab_1/Extra/fulladderbit.sv            ;         ;
; Decoder_prob1.sv                 ; yes             ; User SystemVerilog HDL File  ; C:/Users/josee/joscCE_JimF04_Sebas36762_digital_design_lab_2025/Lab_1/Extra/Decoder_prob1.sv           ;         ;
; Adder_prob3.sv                   ; yes             ; User SystemVerilog HDL File  ; C:/Users/josee/joscCE_JimF04_Sebas36762_digital_design_lab_2025/Lab_1/Extra/Adder_prob3.sv             ;         ;
; deco_prob3.sv                    ; yes             ; User SystemVerilog HDL File  ; C:/Users/josee/joscCE_JimF04_Sebas36762_digital_design_lab_2025/Lab_1/Extra/deco_prob3.sv              ;         ;
; Sub_prob3.sv                     ; yes             ; User SystemVerilog HDL File  ; C:/Users/josee/joscCE_JimF04_Sebas36762_digital_design_lab_2025/Lab_1/Extra/Sub_prob3.sv               ;         ;
; deco_sub3.sv                     ; yes             ; User SystemVerilog HDL File  ; C:/Users/josee/joscCE_JimF04_Sebas36762_digital_design_lab_2025/Lab_1/Extra/deco_sub3.sv               ;         ;
; lpm_divide.tdf                   ; yes             ; Megafunction                 ; c:/intelfpga_lite/18.1/quartus/libraries/megafunctions/lpm_divide.tdf                                  ;         ;
; abs_divider.inc                  ; yes             ; Megafunction                 ; c:/intelfpga_lite/18.1/quartus/libraries/megafunctions/abs_divider.inc                                 ;         ;
; sign_div_unsign.inc              ; yes             ; Megafunction                 ; c:/intelfpga_lite/18.1/quartus/libraries/megafunctions/sign_div_unsign.inc                             ;         ;
; aglobal181.inc                   ; yes             ; Megafunction                 ; c:/intelfpga_lite/18.1/quartus/libraries/megafunctions/aglobal181.inc                                  ;         ;
; db/lpm_divide_3am.tdf            ; yes             ; Auto-Generated Megafunction  ; C:/Users/josee/joscCE_JimF04_Sebas36762_digital_design_lab_2025/Lab_1/Extra/db/lpm_divide_3am.tdf      ;         ;
; db/sign_div_unsign_9kh.tdf       ; yes             ; Auto-Generated Megafunction  ; C:/Users/josee/joscCE_JimF04_Sebas36762_digital_design_lab_2025/Lab_1/Extra/db/sign_div_unsign_9kh.tdf ;         ;
; db/alt_u_div_ose.tdf             ; yes             ; Auto-Generated Megafunction  ; C:/Users/josee/joscCE_JimF04_Sebas36762_digital_design_lab_2025/Lab_1/Extra/db/alt_u_div_ose.tdf       ;         ;
; db/lpm_divide_62m.tdf            ; yes             ; Auto-Generated Megafunction  ; C:/Users/josee/joscCE_JimF04_Sebas36762_digital_design_lab_2025/Lab_1/Extra/db/lpm_divide_62m.tdf      ;         ;
+----------------------------------+-----------------+------------------------------+--------------------------------------------------------------------------------------------------------+---------+


+--------------------------------------------------------+
; Analysis & Synthesis Resource Usage Summary            ;
+---------------------------------------------+----------+
; Resource                                    ; Usage    ;
+---------------------------------------------+----------+
; Estimate of Logic utilization (ALMs needed) ; 70       ;
;                                             ;          ;
; Combinational ALUT usage for logic          ; 127      ;
;     -- 7 input functions                    ; 2        ;
;     -- 6 input functions                    ; 10       ;
;     -- 5 input functions                    ; 11       ;
;     -- 4 input functions                    ; 35       ;
;     -- <=3 input functions                  ; 69       ;
;                                             ;          ;
; Dedicated logic registers                   ; 14       ;
;                                             ;          ;
; I/O pins                                    ; 37       ;
;                                             ;          ;
; Total DSP Blocks                            ; 0        ;
;                                             ;          ;
; Maximum fan-out node                        ; count[0] ;
; Maximum fan-out                             ; 21       ;
; Total fan-out                               ; 524      ;
; Average fan-out                             ; 2.44     ;
+---------------------------------------------+----------+


+--------------------------------------------------------------------------------------------------------------------------------------------------------------------------------------------------------------------------------------------------------------------------------------------------------------------------------------------------+
; Analysis & Synthesis Resource Utilization by Entity                                                                                                                                                                                                                                                                                              ;
+----------------------------------------------+---------------------+---------------------------+-------------------+------------+------+--------------+-----------------------------------------------------------------------------------------------------------------------------------------------------+---------------------+--------------+
; Compilation Hierarchy Node                   ; Combinational ALUTs ; Dedicated Logic Registers ; Block Memory Bits ; DSP Blocks ; Pins ; Virtual Pins ; Full Hierarchy Name                                                                                                                                 ; Entity Name         ; Library Name ;
+----------------------------------------------+---------------------+---------------------------+-------------------+------------+------+--------------+-----------------------------------------------------------------------------------------------------------------------------------------------------+---------------------+--------------+
; |Top_Controller                              ; 127 (25)            ; 14 (8)                    ; 0                 ; 0          ; 37   ; 0            ; |Top_Controller                                                                                                                                     ; Top_Controller      ; work         ;
;    |Adder_prob3:adder_inst|                  ; 13 (0)              ; 0 (0)                     ; 0                 ; 0          ; 0    ; 0            ; |Top_Controller|Adder_prob3:adder_inst                                                                                                              ; Adder_prob3         ; work         ;
;       |deco_prob3:decoder_inst|              ; 7 (7)               ; 0 (0)                     ; 0                 ; 0          ; 0    ; 0            ; |Top_Controller|Adder_prob3:adder_inst|deco_prob3:decoder_inst                                                                                      ; deco_prob3          ; work         ;
;       |fulladderbit:FA0|                     ; 1 (1)               ; 0 (0)                     ; 0                 ; 0          ; 0    ; 0            ; |Top_Controller|Adder_prob3:adder_inst|fulladderbit:FA0                                                                                             ; fulladderbit        ; work         ;
;       |fulladderbit:FA1|                     ; 2 (2)               ; 0 (0)                     ; 0                 ; 0          ; 0    ; 0            ; |Top_Controller|Adder_prob3:adder_inst|fulladderbit:FA1                                                                                             ; fulladderbit        ; work         ;
;       |fulladderbit:FA2|                     ; 1 (1)               ; 0 (0)                     ; 0                 ; 0          ; 0    ; 0            ; |Top_Controller|Adder_prob3:adder_inst|fulladderbit:FA2                                                                                             ; fulladderbit        ; work         ;
;       |fulladderbit:FA3|                     ; 2 (2)               ; 0 (0)                     ; 0                 ; 0          ; 0    ; 0            ; |Top_Controller|Adder_prob3:adder_inst|fulladderbit:FA3                                                                                             ; fulladderbit        ; work         ;
;    |Decoder_prob1:decoder_inst|              ; 3 (0)               ; 0 (0)                     ; 0                 ; 0          ; 0    ; 0            ; |Top_Controller|Decoder_prob1:decoder_inst                                                                                                          ; Decoder_prob1       ; work         ;
;       |Decoder7seg:seg_decoder|              ; 3 (3)               ; 0 (0)                     ; 0                 ; 0          ; 0    ; 0            ; |Top_Controller|Decoder_prob1:decoder_inst|Decoder7seg:seg_decoder                                                                                  ; Decoder7seg         ; work         ;
;    |Sub_prob3:sub_inst|                      ; 86 (19)             ; 6 (6)                     ; 0                 ; 0          ; 0    ; 0            ; |Top_Controller|Sub_prob3:sub_inst                                                                                                                  ; Sub_prob3           ; work         ;
;       |deco_sub3:topdec|                     ; 67 (9)              ; 0 (0)                     ; 0                 ; 0          ; 0    ; 0            ; |Top_Controller|Sub_prob3:sub_inst|deco_sub3:topdec                                                                                                 ; deco_sub3           ; work         ;
;          |lpm_divide:Div0|                   ; 27 (0)              ; 0 (0)                     ; 0                 ; 0          ; 0    ; 0            ; |Top_Controller|Sub_prob3:sub_inst|deco_sub3:topdec|lpm_divide:Div0                                                                                 ; lpm_divide          ; work         ;
;             |lpm_divide_3am:auto_generated|  ; 27 (0)              ; 0 (0)                     ; 0                 ; 0          ; 0    ; 0            ; |Top_Controller|Sub_prob3:sub_inst|deco_sub3:topdec|lpm_divide:Div0|lpm_divide_3am:auto_generated                                                   ; lpm_divide_3am      ; work         ;
;                |sign_div_unsign_9kh:divider| ; 27 (0)              ; 0 (0)                     ; 0                 ; 0          ; 0    ; 0            ; |Top_Controller|Sub_prob3:sub_inst|deco_sub3:topdec|lpm_divide:Div0|lpm_divide_3am:auto_generated|sign_div_unsign_9kh:divider                       ; sign_div_unsign_9kh ; work         ;
;                   |alt_u_div_ose:divider|    ; 27 (27)             ; 0 (0)                     ; 0                 ; 0          ; 0    ; 0            ; |Top_Controller|Sub_prob3:sub_inst|deco_sub3:topdec|lpm_divide:Div0|lpm_divide_3am:auto_generated|sign_div_unsign_9kh:divider|alt_u_div_ose:divider ; alt_u_div_ose       ; work         ;
;          |lpm_divide:Mod0|                   ; 31 (0)              ; 0 (0)                     ; 0                 ; 0          ; 0    ; 0            ; |Top_Controller|Sub_prob3:sub_inst|deco_sub3:topdec|lpm_divide:Mod0                                                                                 ; lpm_divide          ; work         ;
;             |lpm_divide_62m:auto_generated|  ; 31 (0)              ; 0 (0)                     ; 0                 ; 0          ; 0    ; 0            ; |Top_Controller|Sub_prob3:sub_inst|deco_sub3:topdec|lpm_divide:Mod0|lpm_divide_62m:auto_generated                                                   ; lpm_divide_62m      ; work         ;
;                |sign_div_unsign_9kh:divider| ; 31 (0)              ; 0 (0)                     ; 0                 ; 0          ; 0    ; 0            ; |Top_Controller|Sub_prob3:sub_inst|deco_sub3:topdec|lpm_divide:Mod0|lpm_divide_62m:auto_generated|sign_div_unsign_9kh:divider                       ; sign_div_unsign_9kh ; work         ;
;                   |alt_u_div_ose:divider|    ; 31 (31)             ; 0 (0)                     ; 0                 ; 0          ; 0    ; 0            ; |Top_Controller|Sub_prob3:sub_inst|deco_sub3:topdec|lpm_divide:Mod0|lpm_divide_62m:auto_generated|sign_div_unsign_9kh:divider|alt_u_div_ose:divider ; alt_u_div_ose       ; work         ;
+----------------------------------------------+---------------------+---------------------------+-------------------+------------+------+--------------+-----------------------------------------------------------------------------------------------------------------------------------------------------+---------------------+--------------+
Note: For table entries with two numbers listed, the numbers in parentheses indicate the number of resources of the given type used by the specific entity alone. The numbers listed outside of parentheses indicate the total resources of the given type used by the specific entity and all of its sub-entities in the hierarchy.


+--------------------------------------------------------------------------------+
; Registers Removed During Synthesis                                             ;
+---------------------------------------+----------------------------------------+
; Register name                         ; Reason for Removal                     ;
+---------------------------------------+----------------------------------------+
; seg3[5]~reg0                          ; Stuck at GND due to stuck port data_in ;
; seg3[1]~reg0                          ; Stuck at GND due to stuck port data_in ;
; Total Number of Removed Registers = 2 ;                                        ;
+---------------------------------------+----------------------------------------+


+------------------------------------------------------+
; General Register Statistics                          ;
+----------------------------------------------+-------+
; Statistic                                    ; Value ;
+----------------------------------------------+-------+
; Total registers                              ; 14    ;
; Number of registers using Synchronous Clear  ; 0     ;
; Number of registers using Synchronous Load   ; 0     ;
; Number of registers using Asynchronous Clear ; 6     ;
; Number of registers using Asynchronous Load  ; 0     ;
; Number of registers using Clock Enable       ; 0     ;
; Number of registers using Preset             ; 0     ;
+----------------------------------------------+-------+


+------------------------------------------------------------------------------------------------------------------------------------------+
; Multiplexer Restructuring Statistics (Restructuring Performed)                                                                           ;
+--------------------+-----------+---------------+----------------------+------------------------+------------+----------------------------+
; Multiplexer Inputs ; Bus Width ; Baseline Area ; Area if Restructured ; Saving if Restructured ; Registered ; Example Multiplexer Output ;
+--------------------+-----------+---------------+----------------------+------------------------+------------+----------------------------+
; 4:1                ; 2 bits    ; 4 LEs         ; 4 LEs                ; 0 LEs                  ; No         ; |Top_Controller|Mux2       ;
; 4:1                ; 3 bits    ; 6 LEs         ; 6 LEs                ; 0 LEs                  ; No         ; |Top_Controller|Mux5       ;
; 5:1                ; 6 bits    ; 18 LEs        ; 18 LEs               ; 0 LEs                  ; No         ; |Top_Controller|Mux14      ;
+--------------------+-----------+---------------+----------------------+------------------------+------------+----------------------------+


+-----------------------------------------------------------------+
; Parameter Settings for User Entity Instance: Sub_prob3:sub_inst ;
+----------------+-------+----------------------------------------+
; Parameter Name ; Value ; Type                                   ;
+----------------+-------+----------------------------------------+
; N              ; 6     ; Signed Integer                         ;
+----------------+-------+----------------------------------------+
Note: In order to hide this table in the UI and the text report file, please set the "Show Parameter Settings in Synthesis Report" option in "Analysis and Synthesis Settings -> More Settings" to "Off".


+------------------------------------------------------------------------------------------------------+
; Parameter Settings for Inferred Entity Instance: Sub_prob3:sub_inst|deco_sub3:topdec|lpm_divide:Div0 ;
+------------------------+----------------+------------------------------------------------------------+
; Parameter Name         ; Value          ; Type                                                       ;
+------------------------+----------------+------------------------------------------------------------+
; LPM_WIDTHN             ; 6              ; Untyped                                                    ;
; LPM_WIDTHD             ; 4              ; Untyped                                                    ;
; LPM_NREPRESENTATION    ; UNSIGNED       ; Untyped                                                    ;
; LPM_DREPRESENTATION    ; UNSIGNED       ; Untyped                                                    ;
; LPM_PIPELINE           ; 0              ; Untyped                                                    ;
; LPM_REMAINDERPOSITIVE  ; TRUE           ; Untyped                                                    ;
; MAXIMIZE_SPEED         ; 5              ; Untyped                                                    ;
; CBXI_PARAMETER         ; lpm_divide_3am ; Untyped                                                    ;
; CARRY_CHAIN            ; MANUAL         ; Untyped                                                    ;
; OPTIMIZE_FOR_SPEED     ; 5              ; Untyped                                                    ;
; AUTO_CARRY_CHAINS      ; ON             ; AUTO_CARRY                                                 ;
; IGNORE_CARRY_BUFFERS   ; OFF            ; IGNORE_CARRY                                               ;
; AUTO_CASCADE_CHAINS    ; ON             ; AUTO_CASCADE                                               ;
; IGNORE_CASCADE_BUFFERS ; OFF            ; IGNORE_CASCADE                                             ;
+------------------------+----------------+------------------------------------------------------------+
Note: In order to hide this table in the UI and the text report file, please set the "Show Parameter Settings in Synthesis Report" option in "Analysis and Synthesis Settings -> More Settings" to "Off".


+------------------------------------------------------------------------------------------------------+
; Parameter Settings for Inferred Entity Instance: Sub_prob3:sub_inst|deco_sub3:topdec|lpm_divide:Mod0 ;
+------------------------+----------------+------------------------------------------------------------+
; Parameter Name         ; Value          ; Type                                                       ;
+------------------------+----------------+------------------------------------------------------------+
; LPM_WIDTHN             ; 6              ; Untyped                                                    ;
; LPM_WIDTHD             ; 4              ; Untyped                                                    ;
; LPM_NREPRESENTATION    ; UNSIGNED       ; Untyped                                                    ;
; LPM_DREPRESENTATION    ; UNSIGNED       ; Untyped                                                    ;
; LPM_PIPELINE           ; 0              ; Untyped                                                    ;
; LPM_REMAINDERPOSITIVE  ; TRUE           ; Untyped                                                    ;
; MAXIMIZE_SPEED         ; 5              ; Untyped                                                    ;
; CBXI_PARAMETER         ; lpm_divide_62m ; Untyped                                                    ;
; CARRY_CHAIN            ; MANUAL         ; Untyped                                                    ;
; OPTIMIZE_FOR_SPEED     ; 5              ; Untyped                                                    ;
; AUTO_CARRY_CHAINS      ; ON             ; AUTO_CARRY                                                 ;
; IGNORE_CARRY_BUFFERS   ; OFF            ; IGNORE_CARRY                                               ;
; AUTO_CASCADE_CHAINS    ; ON             ; AUTO_CASCADE                                               ;
; IGNORE_CASCADE_BUFFERS ; OFF            ; IGNORE_CASCADE                                             ;
+------------------------+----------------+------------------------------------------------------------+
Note: In order to hide this table in the UI and the text report file, please set the "Show Parameter Settings in Synthesis Report" option in "Analysis and Synthesis Settings -> More Settings" to "Off".


+----------------------------------------------------------------------------------------------------------------+
; Port Connectivity Checks: "Adder_prob3:adder_inst"                                                             ;
+------+--------+----------+-------------------------------------------------------------------------------------+
; Port ; Type   ; Severity ; Details                                                                             ;
+------+--------+----------+-------------------------------------------------------------------------------------+
; cin  ; Input  ; Info     ; Stuck at GND                                                                        ;
; cout ; Output ; Info     ; Connected to dangling logic. Logic that only feeds a dangling port will be removed. ;
+------+--------+----------+-------------------------------------------------------------------------------------+


+-----------------------------------------------------+
; Post-Synthesis Netlist Statistics for Top Partition ;
+-----------------------+-----------------------------+
; Type                  ; Count                       ;
+-----------------------+-----------------------------+
; arriav_ff             ; 14                          ;
;     CLR               ; 6                           ;
;     plain             ; 8                           ;
; arriav_lcell_comb     ; 128                         ;
;     arith             ; 28                          ;
;         0 data inputs ; 8                           ;
;         1 data inputs ; 4                           ;
;         2 data inputs ; 4                           ;
;         3 data inputs ; 10                          ;
;         4 data inputs ; 2                           ;
;     extend            ; 2                           ;
;         7 data inputs ; 2                           ;
;     normal            ; 88                          ;
;         0 data inputs ; 1                           ;
;         2 data inputs ; 19                          ;
;         3 data inputs ; 14                          ;
;         4 data inputs ; 33                          ;
;         5 data inputs ; 11                          ;
;         6 data inputs ; 10                          ;
;     shared            ; 10                          ;
;         0 data inputs ; 2                           ;
;         1 data inputs ; 8                           ;
; boundary_port         ; 37                          ;
;                       ;                             ;
; Max LUT depth         ; 9.10                        ;
; Average LUT depth     ; 6.04                        ;
+-----------------------+-----------------------------+


+-------------------------------+
; Elapsed Time Per Partition    ;
+----------------+--------------+
; Partition Name ; Elapsed Time ;
+----------------+--------------+
; Top            ; 00:00:01     ;
+----------------+--------------+


+-------------------------------+
; Analysis & Synthesis Messages ;
+-------------------------------+
Info: *******************************************************************
Info: Running Quartus Prime Analysis & Synthesis
    Info: Version 18.1.0 Build 625 09/12/2018 SJ Lite Edition
    Info: Processing started: Tue Mar 11 22:46:20 2025
Info: Command: quartus_map --read_settings_files=on --write_settings_files=off Top_Controller -c Top_Controller
Warning (18236): Number of processors has not been specified which may cause overloading on shared machines.  Set the global assignment NUM_PARALLEL_PROCESSORS in your QSF to an appropriate value for best performance.
Info (20030): Parallel compilation is enabled and will use 4 of the 4 processors detected
Info (12021): Found 1 design units, including 1 entities, in source file decoderbdc.sv
    Info (12023): Found entity 1: decoderBDC File: C:/Users/josee/joscCE_JimF04_Sebas36762_digital_design_lab_2025/Lab_1/Extra/decoderBDC.sv Line: 1
Info (12021): Found 1 design units, including 1 entities, in source file decoder7seg.sv
    Info (12023): Found entity 1: Decoder7seg File: C:/Users/josee/joscCE_JimF04_Sebas36762_digital_design_lab_2025/Lab_1/Extra/Decoder7seg.sv Line: 1
Info (12021): Found 1 design units, including 1 entities, in source file top_controller.sv
    Info (12023): Found entity 1: Top_Controller File: C:/Users/josee/joscCE_JimF04_Sebas36762_digital_design_lab_2025/Lab_1/Extra/Top_Controller.sv Line: 1
Info (12021): Found 1 design units, including 1 entities, in source file fulladderbit.sv
    Info (12023): Found entity 1: fulladderbit File: C:/Users/josee/joscCE_JimF04_Sebas36762_digital_design_lab_2025/Lab_1/Extra/fulladderbit.sv Line: 1
Info (12021): Found 1 design units, including 1 entities, in source file top_controller_tb.sv
    Info (12023): Found entity 1: Top_Controller_tb File: C:/Users/josee/joscCE_JimF04_Sebas36762_digital_design_lab_2025/Lab_1/Extra/Top_Controller_tb.sv Line: 3
Info (12021): Found 1 design units, including 1 entities, in source file decoder_prob1.sv
    Info (12023): Found entity 1: Decoder_prob1 File: C:/Users/josee/joscCE_JimF04_Sebas36762_digital_design_lab_2025/Lab_1/Extra/Decoder_prob1.sv Line: 1
Info (12021): Found 1 design units, including 1 entities, in source file adder_prob3.sv
    Info (12023): Found entity 1: Adder_prob3 File: C:/Users/josee/joscCE_JimF04_Sebas36762_digital_design_lab_2025/Lab_1/Extra/Adder_prob3.sv Line: 1
Info (12021): Found 1 design units, including 1 entities, in source file deco_prob3.sv
    Info (12023): Found entity 1: deco_prob3 File: C:/Users/josee/joscCE_JimF04_Sebas36762_digital_design_lab_2025/Lab_1/Extra/deco_prob3.sv Line: 1
Info (12021): Found 1 design units, including 1 entities, in source file sub_prob3.sv
    Info (12023): Found entity 1: Sub_prob3 File: C:/Users/josee/joscCE_JimF04_Sebas36762_digital_design_lab_2025/Lab_1/Extra/Sub_prob3.sv Line: 1
Info (12021): Found 1 design units, including 1 entities, in source file deco_sub3.sv
    Info (12023): Found entity 1: deco_sub3 File: C:/Users/josee/joscCE_JimF04_Sebas36762_digital_design_lab_2025/Lab_1/Extra/deco_sub3.sv Line: 1
Info (12127): Elaborating entity "Top_Controller" for the top level hierarchy
Warning (10230): Verilog HDL assignment warning at Top_Controller.sv(26): truncated value with size 32 to match size of target (2) File: C:/Users/josee/joscCE_JimF04_Sebas36762_digital_design_lab_2025/Lab_1/Extra/Top_Controller.sv Line: 26
Info (12128): Elaborating entity "Decoder_prob1" for hierarchy "Decoder_prob1:decoder_inst" File: C:/Users/josee/joscCE_JimF04_Sebas36762_digital_design_lab_2025/Lab_1/Extra/Top_Controller.sv Line: 41
Info (12128): Elaborating entity "decoderBDC" for hierarchy "Decoder_prob1:decoder_inst|decoderBDC:bdc_decoder" File: C:/Users/josee/joscCE_JimF04_Sebas36762_digital_design_lab_2025/Lab_1/Extra/Decoder_prob1.sv Line: 16
Info (12128): Elaborating entity "Decoder7seg" for hierarchy "Decoder_prob1:decoder_inst|Decoder7seg:seg_decoder" File: C:/Users/josee/joscCE_JimF04_Sebas36762_digital_design_lab_2025/Lab_1/Extra/Decoder_prob1.sv Line: 25
Info (12128): Elaborating entity "Adder_prob3" for hierarchy "Adder_prob3:adder_inst" File: C:/Users/josee/joscCE_JimF04_Sebas36762_digital_design_lab_2025/Lab_1/Extra/Top_Controller.sv Line: 50
Info (12128): Elaborating entity "fulladderbit" for hierarchy "Adder_prob3:adder_inst|fulladderbit:FA0" File: C:/Users/josee/joscCE_JimF04_Sebas36762_digital_design_lab_2025/Lab_1/Extra/Adder_prob3.sv Line: 14
Info (12128): Elaborating entity "deco_prob3" for hierarchy "Adder_prob3:adder_inst|deco_prob3:decoder_inst" File: C:/Users/josee/joscCE_JimF04_Sebas36762_digital_design_lab_2025/Lab_1/Extra/Adder_prob3.sv Line: 25
Info (12128): Elaborating entity "Sub_prob3" for hierarchy "Sub_prob3:sub_inst" File: C:/Users/josee/joscCE_JimF04_Sebas36762_digital_design_lab_2025/Lab_1/Extra/Top_Controller.sv Line: 59
Info (12128): Elaborating entity "deco_sub3" for hierarchy "Sub_prob3:sub_inst|deco_sub3:topdec" File: C:/Users/josee/joscCE_JimF04_Sebas36762_digital_design_lab_2025/Lab_1/Extra/Sub_prob3.sv Line: 27
Warning (10230): Verilog HDL assignment warning at deco_sub3.sv(11): truncated value with size 32 to match size of target (4) File: C:/Users/josee/joscCE_JimF04_Sebas36762_digital_design_lab_2025/Lab_1/Extra/deco_sub3.sv Line: 11
Warning (10230): Verilog HDL assignment warning at deco_sub3.sv(12): truncated value with size 32 to match size of target (4) File: C:/Users/josee/joscCE_JimF04_Sebas36762_digital_design_lab_2025/Lab_1/Extra/deco_sub3.sv Line: 12
Info (278001): Inferred 2 megafunctions from design logic
    Info (278004): Inferred divider/modulo megafunction ("lpm_divide") from the following logic: "Sub_prob3:sub_inst|deco_sub3:topdec|Div0" File: C:/Users/josee/joscCE_JimF04_Sebas36762_digital_design_lab_2025/Lab_1/Extra/deco_sub3.sv Line: 11
    Info (278004): Inferred divider/modulo megafunction ("lpm_divide") from the following logic: "Sub_prob3:sub_inst|deco_sub3:topdec|Mod0" File: C:/Users/josee/joscCE_JimF04_Sebas36762_digital_design_lab_2025/Lab_1/Extra/deco_sub3.sv Line: 12
Info (12130): Elaborated megafunction instantiation "Sub_prob3:sub_inst|deco_sub3:topdec|lpm_divide:Div0" File: C:/Users/josee/joscCE_JimF04_Sebas36762_digital_design_lab_2025/Lab_1/Extra/deco_sub3.sv Line: 11
Info (12133): Instantiated megafunction "Sub_prob3:sub_inst|deco_sub3:topdec|lpm_divide:Div0" with the following parameter: File: C:/Users/josee/joscCE_JimF04_Sebas36762_digital_design_lab_2025/Lab_1/Extra/deco_sub3.sv Line: 11
    Info (12134): Parameter "LPM_WIDTHN" = "6"
    Info (12134): Parameter "LPM_WIDTHD" = "4"
    Info (12134): Parameter "LPM_NREPRESENTATION" = "UNSIGNED"
    Info (12134): Parameter "LPM_DREPRESENTATION" = "UNSIGNED"
Info (12021): Found 1 design units, including 1 entities, in source file db/lpm_divide_3am.tdf
    Info (12023): Found entity 1: lpm_divide_3am File: C:/Users/josee/joscCE_JimF04_Sebas36762_digital_design_lab_2025/Lab_1/Extra/db/lpm_divide_3am.tdf Line: 24
Info (12021): Found 1 design units, including 1 entities, in source file db/sign_div_unsign_9kh.tdf
    Info (12023): Found entity 1: sign_div_unsign_9kh File: C:/Users/josee/joscCE_JimF04_Sebas36762_digital_design_lab_2025/Lab_1/Extra/db/sign_div_unsign_9kh.tdf Line: 24
Info (12021): Found 1 design units, including 1 entities, in source file db/alt_u_div_ose.tdf
    Info (12023): Found entity 1: alt_u_div_ose File: C:/Users/josee/joscCE_JimF04_Sebas36762_digital_design_lab_2025/Lab_1/Extra/db/alt_u_div_ose.tdf Line: 22
Info (12130): Elaborated megafunction instantiation "Sub_prob3:sub_inst|deco_sub3:topdec|lpm_divide:Mod0" File: C:/Users/josee/joscCE_JimF04_Sebas36762_digital_design_lab_2025/Lab_1/Extra/deco_sub3.sv Line: 12
Info (12133): Instantiated megafunction "Sub_prob3:sub_inst|deco_sub3:topdec|lpm_divide:Mod0" with the following parameter: File: C:/Users/josee/joscCE_JimF04_Sebas36762_digital_design_lab_2025/Lab_1/Extra/deco_sub3.sv Line: 12
    Info (12134): Parameter "LPM_WIDTHN" = "6"
    Info (12134): Parameter "LPM_WIDTHD" = "4"
    Info (12134): Parameter "LPM_NREPRESENTATION" = "UNSIGNED"
    Info (12134): Parameter "LPM_DREPRESENTATION" = "UNSIGNED"
Info (12021): Found 1 design units, including 1 entities, in source file db/lpm_divide_62m.tdf
    Info (12023): Found entity 1: lpm_divide_62m File: C:/Users/josee/joscCE_JimF04_Sebas36762_digital_design_lab_2025/Lab_1/Extra/db/lpm_divide_62m.tdf Line: 24
Warning (13004): Presettable and clearable registers converted to equivalent circuits with latches. Registers power-up to an undefined state, and DEVCLRn places the registers in an undefined state.
    Warning (13310): Register "Sub_prob3:sub_inst|value[0]" is converted into an equivalent circuit using register "Sub_prob3:sub_inst|value[0]~_emulated" and latch "Sub_prob3:sub_inst|value[0]~1" File: C:/Users/josee/joscCE_JimF04_Sebas36762_digital_design_lab_2025/Lab_1/Extra/Sub_prob3.sv Line: 20
    Warning (13310): Register "Sub_prob3:sub_inst|value[1]" is converted into an equivalent circuit using register "Sub_prob3:sub_inst|value[1]~_emulated" and latch "Sub_prob3:sub_inst|value[1]~5" File: C:/Users/josee/joscCE_JimF04_Sebas36762_digital_design_lab_2025/Lab_1/Extra/Sub_prob3.sv Line: 20
    Warning (13310): Register "Sub_prob3:sub_inst|value[2]" is converted into an equivalent circuit using register "Sub_prob3:sub_inst|value[2]~_emulated" and latch "Sub_prob3:sub_inst|value[2]~9" File: C:/Users/josee/joscCE_JimF04_Sebas36762_digital_design_lab_2025/Lab_1/Extra/Sub_prob3.sv Line: 20
    Warning (13310): Register "Sub_prob3:sub_inst|value[3]" is converted into an equivalent circuit using register "Sub_prob3:sub_inst|value[3]~_emulated" and latch "Sub_prob3:sub_inst|value[3]~13" File: C:/Users/josee/joscCE_JimF04_Sebas36762_digital_design_lab_2025/Lab_1/Extra/Sub_prob3.sv Line: 20
    Warning (13310): Register "Sub_prob3:sub_inst|value[4]" is converted into an equivalent circuit using register "Sub_prob3:sub_inst|value[4]~_emulated" and latch "Sub_prob3:sub_inst|value[4]~17" File: C:/Users/josee/joscCE_JimF04_Sebas36762_digital_design_lab_2025/Lab_1/Extra/Sub_prob3.sv Line: 20
    Warning (13310): Register "Sub_prob3:sub_inst|value[5]" is converted into an equivalent circuit using register "Sub_prob3:sub_inst|value[5]~_emulated" and latch "Sub_prob3:sub_inst|value[5]~21" File: C:/Users/josee/joscCE_JimF04_Sebas36762_digital_design_lab_2025/Lab_1/Extra/Sub_prob3.sv Line: 20
Warning (13024): Output pins are stuck at VCC or GND
    Warning (13410): Pin "seg3[1]" is stuck at GND File: C:/Users/josee/joscCE_JimF04_Sebas36762_digital_design_lab_2025/Lab_1/Extra/Top_Controller.sv Line: 22
    Warning (13410): Pin "seg3[5]" is stuck at GND File: C:/Users/josee/joscCE_JimF04_Sebas36762_digital_design_lab_2025/Lab_1/Extra/Top_Controller.sv Line: 22
Info (286030): Timing-Driven Synthesis is running
Info (16010): Generating hard_block partition "hard_block:auto_generated_inst"
    Info (16011): Adding 0 node(s), including 0 DDIO, 0 PLL, 0 transceiver and 0 LCELL
Info (21057): Implemented 171 device resources after synthesis - the final resource count might be different
    Info (21058): Implemented 13 input pins
    Info (21059): Implemented 24 output pins
    Info (21061): Implemented 134 logic cells
Info: Quartus Prime Analysis & Synthesis was successful. 0 errors, 14 warnings
    Info: Peak virtual memory: 4839 megabytes
    Info: Processing ended: Tue Mar 11 22:46:34 2025
    Info: Elapsed time: 00:00:14
    Info: Total CPU time (on all processors): 00:00:26


